  AesHandler.cpp
  Constants.cpp
C:\Program Files\Microsoft Visual Studio\2022\Community\VC\Tools\MSVC\14.38.33130\include\format(42): warning STL4038: The contents of <format> are available only with C++20 or later.
C:\Users\zivsi\source\repos\TorNetwork\TorNetwork\ServerProject\Constants.cpp(14,82): warning C4267: 'initializing': conversion from 'size_t' to 'int', possible loss of data
C:\Users\zivsi\source\repos\TorNetwork\TorNetwork\ServerProject\Constants.cpp(14,28): warning C4267: 'initializing': conversion from 'size_t' to 'const int', possible loss of data
  ConversationObject.cpp
C:\Users\zivsi\source\repos\TorNetwork\TorNetwork\ServerProject\ConversationObject.cpp(63,56): warning C4267: 'argument': conversion from 'size_t' to '_Ty', possible loss of data
C:\Users\zivsi\source\repos\TorNetwork\TorNetwork\ServerProject\ConversationObject.cpp(63,56): warning C4267:         with
C:\Users\zivsi\source\repos\TorNetwork\TorNetwork\ServerProject\ConversationObject.cpp(63,56): warning C4267:         [
C:\Users\zivsi\source\repos\TorNetwork\TorNetwork\ServerProject\ConversationObject.cpp(63,56): warning C4267:             _Ty=int
C:\Users\zivsi\source\repos\TorNetwork\TorNetwork\ServerProject\ConversationObject.cpp(63,56): warning C4267:         ]
  DatabaseHelper.cpp
  ECCHandler.cpp
  Logger.cpp
  NodeData.cpp
  RSAHandler.cpp
  StatsData.cpp
  Utility.cpp
  Node.cpp
C:\Users\zivsi\source\repos\TorNetwork\TorNetwork\NodeProject\Node.cpp(82,32): warning C4267: 'argument': conversion from 'size_t' to 'int', possible loss of data
C:\Users\zivsi\source\repos\TorNetwork\TorNetwork\NodeProject\Node.cpp(96,29): warning C4267: 'argument': conversion from 'size_t' to 'int', possible loss of data
C:\Users\zivsi\source\repos\TorNetwork\TorNetwork\NodeProject\Node.cpp(161,28): warning C4566: character represented by universal-character-name '\u256C' cannot be represented in the current code page (1252)
C:\Users\zivsi\source\repos\TorNetwork\TorNetwork\NodeProject\Node.cpp(364,43): warning C4267: 'argument': conversion from 'size_t' to 'int', possible loss of data
C:\Users\zivsi\source\repos\TorNetwork\TorNetwork\NodeProject\Node.cpp(377,37): warning C4267: 'argument': conversion from 'size_t' to 'int', possible loss of data
  main.cpp
  sqlite3.c
  Generating code
C:\Users\zivsi\source\repos\TorNetwork\TorNetwork\NodeProject\Node.cpp(298): warning C4715: 'Node::connectToParent': not all control paths return a value
  15 of 4396 functions ( 0.3%) were compiled, the rest were copied from previous compilation.
    0 functions were new in current compilation
    73 functions had inline decision re-evaluated but remain unchanged
  Finished generating code
  NodeProject.vcxproj -> C:\Users\zivsi\source\repos\TorNetwork\x64\Release\NodeProject.exe
