c:\users\zivsi\source\repos\tornetwork\tornetwork\nodeproject\x64\release\vc143.pdb
c:\users\zivsi\source\repos\tornetwork\tornetwork\nodeproject\x64\release\node.obj
c:\users\zivsi\source\repos\tornetwork\tornetwork\nodeproject\x64\release\main.obj
c:\users\zivsi\source\repos\tornetwork\tornetwork\nodeproject\x64\release\utility.obj
c:\users\zivsi\source\repos\tornetwork\tornetwork\nodeproject\x64\release\statsdata.obj
c:\users\zivsi\source\repos\tornetwork\tornetwork\nodeproject\x64\release\rsahandler.obj
c:\users\zivsi\source\repos\tornetwork\tornetwork\nodeproject\x64\release\nodedata.obj
c:\users\zivsi\source\repos\tornetwork\tornetwork\nodeproject\x64\release\logger.obj
c:\users\zivsi\source\repos\tornetwork\tornetwork\nodeproject\x64\release\iconnection.obj
c:\users\zivsi\source\repos\tornetwork\tornetwork\nodeproject\x64\release\ecchandler.obj
c:\users\zivsi\source\repos\tornetwork\tornetwork\nodeproject\x64\release\databasehelper.obj
c:\users\zivsi\source\repos\tornetwork\tornetwork\nodeproject\x64\release\conversationobject.obj
c:\users\zivsi\source\repos\tornetwork\tornetwork\nodeproject\x64\release\constants.obj
c:\users\zivsi\source\repos\tornetwork\tornetwork\nodeproject\x64\release\clientconnection.obj
c:\users\zivsi\source\repos\tornetwork\tornetwork\nodeproject\x64\release\aeshandler.obj
c:\users\zivsi\source\repos\tornetwork\tornetwork\nodeproject\x64\release\sqlite3.obj
c:\users\zivsi\source\repos\tornetwork\x64\release\nodeproject.exe
c:\users\zivsi\source\repos\tornetwork\tornetwork\nodeproject\x64\release\nodeproject.ipdb
c:\users\zivsi\source\repos\tornetwork\x64\release\nodeproject.pdb
c:\users\zivsi\source\repos\tornetwork\tornetwork\nodeproject\x64\release\nodeproject.iobj
c:\users\zivsi\source\repos\tornetwork\tornetwork\nodeproject\x64\release\aeshandler.nativecodeanalysis.xml
c:\users\zivsi\source\repos\tornetwork\tornetwork\nodeproject\x64\release\clientconnection.nativecodeanalysis.xml
c:\users\zivsi\source\repos\tornetwork\tornetwork\nodeproject\x64\release\constants.nativecodeanalysis.xml
c:\users\zivsi\source\repos\tornetwork\tornetwork\nodeproject\x64\release\conversationobject.nativecodeanalysis.xml
c:\users\zivsi\source\repos\tornetwork\tornetwork\nodeproject\x64\release\databasehelper.nativecodeanalysis.xml
c:\users\zivsi\source\repos\tornetwork\tornetwork\nodeproject\x64\release\ecchandler.nativecodeanalysis.xml
c:\users\zivsi\source\repos\tornetwork\tornetwork\nodeproject\x64\release\iconnection.nativecodeanalysis.xml
c:\users\zivsi\source\repos\tornetwork\tornetwork\nodeproject\x64\release\logger.nativecodeanalysis.xml
c:\users\zivsi\source\repos\tornetwork\tornetwork\nodeproject\x64\release\main.nativecodeanalysis.xml
c:\users\zivsi\source\repos\tornetwork\tornetwork\nodeproject\x64\release\node.nativecodeanalysis.xml
c:\users\zivsi\source\repos\tornetwork\tornetwork\nodeproject\x64\release\nodedata.nativecodeanalysis.xml
c:\users\zivsi\source\repos\tornetwork\tornetwork\nodeproject\x64\release\rsahandler.nativecodeanalysis.xml
c:\users\zivsi\source\repos\tornetwork\tornetwork\nodeproject\x64\release\sqlite3.nativecodeanalysis.xml
c:\users\zivsi\source\repos\tornetwork\tornetwork\nodeproject\x64\release\statsdata.nativecodeanalysis.xml
c:\users\zivsi\source\repos\tornetwork\tornetwork\nodeproject\x64\release\utility.nativecodeanalysis.xml
c:\users\zivsi\source\repos\tornetwork\tornetwork\nodeproject\x64\release\vc.nativecodeanalysis.all.xml
c:\users\zivsi\source\repos\tornetwork\tornetwork\nodeproject\x64\release\nodeproject.tlog\cl.command.1.tlog
c:\users\zivsi\source\repos\tornetwork\tornetwork\nodeproject\x64\release\nodeproject.tlog\cl.items.tlog
c:\users\zivsi\source\repos\tornetwork\tornetwork\nodeproject\x64\release\nodeproject.tlog\cl.read.1.tlog
c:\users\zivsi\source\repos\tornetwork\tornetwork\nodeproject\x64\release\nodeproject.tlog\cl.write.1.tlog
c:\users\zivsi\source\repos\tornetwork\tornetwork\nodeproject\x64\release\nodeproject.tlog\link.command.1.tlog
c:\users\zivsi\source\repos\tornetwork\tornetwork\nodeproject\x64\release\nodeproject.tlog\link.read.1.tlog
c:\users\zivsi\source\repos\tornetwork\tornetwork\nodeproject\x64\release\nodeproject.tlog\link.write.1.tlog
